2025-12-19 13:39:38,165 | INFO | Starting SBOM automation for application: AU Hub
2025-12-19 13:39:38,188 | INFO | Found 1 SBOM(s) to process
2025-12-19 13:39:38,222 | INFO | Processing SBOM=AUHUB_sbom.json version=1.0
2025-12-19 13:39:38,330 | ERROR | Unexpected error uploading AUHUB_sbom.json
Traceback (most recent call last):
  File "D:\SBOM Upload\DSBOMUpload\automation\bulk_sbom_uploader.py", line 162, in process_application
    result = upload_bom(project["uuid"], sbom_path)
  File "D:\SBOM Upload\DSBOMUpload\bom.py", line 47, in upload_bom
    response.raise_for_status()
    ~~~~~~~~~~~~~~~~~~~~~~~~~^^
  File "C:\Users\fsfba\AppData\Local\Programs\Python\Python313\Lib\site-packages\requests\models.py", line 1021, in raise_for_status
    raise HTTPError(http_error_msg, response=self)
requests.exceptions.HTTPError: 400 Client Error: Bad Request for url: http://localhost:8081/api/v1/bom
2025-12-19 13:39:38,333 | INFO | Automation run completed
2025-12-19 13:50:22,251 | INFO | Starting SBOM automation for application: AU Hub
2025-12-19 13:50:22,253 | INFO | Found 1 SBOM(s) to process
2025-12-19 13:50:22,287 | INFO | Processing SBOM=AUHUB_sbom.json version=1.1
2025-12-19 13:50:22,400 | ERROR | Unexpected error uploading AUHUB_sbom.json
Traceback (most recent call last):
  File "D:\SBOM Upload\DSBOMUpload\automation\bulk_sbom_uploader.py", line 162, in process_application
    result = upload_bom(project["uuid"], sbom_path)
  File "D:\SBOM Upload\DSBOMUpload\bom.py", line 47, in upload_bom
    response.raise_for_status()
    ~~~~~~~~~~~~~~~~~~~~~~~~~^^
  File "C:\Users\fsfba\AppData\Local\Programs\Python\Python313\Lib\site-packages\requests\models.py", line 1021, in raise_for_status
    raise HTTPError(http_error_msg, response=self)
requests.exceptions.HTTPError: 400 Client Error: Bad Request for url: http://localhost:8081/api/v1/bom
2025-12-19 13:50:22,403 | INFO | Automation run completed
2025-12-19 16:03:41,135 | INFO | Starting SBOM automation for application: AU Hub
2025-12-19 16:03:41,137 | INFO | Found 1 SBOM(s) to process
2025-12-19 16:03:41,169 | INFO | Processing SBOM=AUHUB_sbom.json version=1.2
2025-12-19 16:03:41,254 | ERROR | Unexpected error uploading AUHUB_sbom.json
Traceback (most recent call last):
  File "D:\SBOM Upload\DSBOMUpload\automation\bulk_sbom_uploader.py", line 162, in process_application
    result = upload_bom(project["uuid"], sbom_path)
  File "D:\SBOM Upload\DSBOMUpload\bom.py", line 47, in upload_bom
    response.raise_for_status()
    ~~~~~~~~~~~~~~~~~~~~~~~~~^^
  File "C:\Users\fsfba\AppData\Local\Programs\Python\Python313\Lib\site-packages\requests\models.py", line 1021, in raise_for_status
    raise HTTPError(http_error_msg, response=self)
requests.exceptions.HTTPError: 400 Client Error: Bad Request for url: http://localhost:8081/api/v1/bom?validate=false
2025-12-19 16:03:41,256 | INFO | Automation run completed
2025-12-19 16:05:07,218 | INFO | Starting SBOM automation for application: AU Hub
2025-12-19 16:05:07,220 | INFO | Found 1 SBOM(s) to process
2025-12-19 16:05:07,252 | INFO | Processing SBOM=AUHUB_sbom.json version=1.3
2025-12-19 16:05:07,351 | ERROR | Unexpected error uploading AUHUB_sbom.json
Traceback (most recent call last):
  File "D:\SBOM Upload\DSBOMUpload\automation\bulk_sbom_uploader.py", line 162, in process_application
    result = upload_bom(project["uuid"], sbom_path)
  File "D:\SBOM Upload\DSBOMUpload\bom.py", line 47, in upload_bom
    response.raise_for_status()
    ~~~~~~~~~~~~~~~~~~~~~~~~~^^
  File "C:\Users\fsfba\AppData\Local\Programs\Python\Python313\Lib\site-packages\requests\models.py", line 1021, in raise_for_status
    raise HTTPError(http_error_msg, response=self)
requests.exceptions.HTTPError: 400 Client Error: Bad Request for url: http://localhost:8081/api/v1/bom?validate=false
2025-12-19 16:05:07,354 | INFO | Automation run completed
2025-12-19 16:06:28,484 | INFO | Starting SBOM automation for application: AU Hub
2025-12-19 16:06:28,486 | INFO | Found 2 SBOM(s) to process
2025-12-19 16:06:28,526 | INFO | Processing SBOM=AUHUB_sbom.json version=1.4
2025-12-19 16:06:28,626 | ERROR | Unexpected error uploading AUHUB_sbom.json
Traceback (most recent call last):
  File "D:\SBOM Upload\DSBOMUpload\automation\bulk_sbom_uploader.py", line 162, in process_application
    result = upload_bom(project["uuid"], sbom_path)
  File "D:\SBOM Upload\DSBOMUpload\bom.py", line 47, in upload_bom
    response.raise_for_status()
    ~~~~~~~~~~~~~~~~~~~~~~~~~^^
  File "C:\Users\fsfba\AppData\Local\Programs\Python\Python313\Lib\site-packages\requests\models.py", line 1021, in raise_for_status
    raise HTTPError(http_error_msg, response=self)
requests.exceptions.HTTPError: 400 Client Error: Bad Request for url: http://localhost:8081/api/v1/bom?validate=false
2025-12-19 16:06:28,652 | INFO | Processing SBOM=CIB_sbom.json version=1.4
2025-12-19 16:06:28,683 | ERROR | Project creation failed for AU Hub 1.4
2025-12-19 16:06:28,685 | INFO | Automation run completed
2025-12-19 16:07:05,989 | INFO | Starting SBOM automation for application: AU Hub
2025-12-19 16:07:05,992 | INFO | Found 2 SBOM(s) to process
2025-12-19 16:07:06,033 | INFO | Processing SBOM=AUHUB_sbom.json version=1.4
2025-12-19 16:07:06,131 | ERROR | Unexpected error uploading AUHUB_sbom.json
Traceback (most recent call last):
  File "D:\SBOM Upload\DSBOMUpload\automation\bulk_sbom_uploader.py", line 162, in process_application
    result = upload_bom(project["uuid"], sbom_path)
  File "D:\SBOM Upload\DSBOMUpload\bom.py", line 47, in upload_bom
    response.raise_for_status()
    ~~~~~~~~~~~~~~~~~~~~~~~~~^^
  File "C:\Users\fsfba\AppData\Local\Programs\Python\Python313\Lib\site-packages\requests\models.py", line 1021, in raise_for_status
    raise HTTPError(http_error_msg, response=self)
requests.exceptions.HTTPError: 400 Client Error: Bad Request for url: http://localhost:8081/api/v1/bom?validate=false
2025-12-19 16:07:06,132 | INFO | Processing SBOM=CIB_sbom.json version=1.4
2025-12-19 16:07:06,165 | ERROR | Project creation failed for AU Hub 1.4
2025-12-19 16:07:06,166 | INFO | Automation run completed
2025-12-19 16:07:41,907 | INFO | Starting SBOM automation for application: AU Hub
2025-12-19 16:07:41,909 | INFO | Found 1 SBOM(s) to process
2025-12-19 16:07:41,944 | INFO | Processing SBOM=CIB_sbom.json version=1.4
2025-12-19 16:07:42,048 | ERROR | Unexpected error uploading CIB_sbom.json
Traceback (most recent call last):
  File "D:\SBOM Upload\DSBOMUpload\automation\bulk_sbom_uploader.py", line 164, in process_application
    if not result.get("success", False):
           ^^^^^^^^^^
AttributeError: 'NoneType' object has no attribute 'get'
2025-12-19 16:07:42,052 | INFO | Automation run completed
